<?xml version="1.0" encoding="UTF-8"?>
<testsuite name="org.example.Entities.ConvertidorDeUnidadesTest" tests="3" skipped="0" failures="0" errors="0" timestamp="2024-06-09T02:47:21" hostname="RODRIGUEZ" time="0.021">
  <properties/>
  <testcase name="pruebaMillaAMetro_valorPositivo()" classname="org.example.Entities.ConvertidorDeUnidadesTest" time="0.018"/>
  <testcase name="pruebaMillaAMetro_valorNegativo()" classname="org.example.Entities.ConvertidorDeUnidadesTest" time="0.001"/>
  <testcase name="pruebaMillaAMetro_cero()" classname="org.example.Entities.ConvertidorDeUnidadesTest" time="0.0"/>
  <system-out><![CDATA[]]></system-out>
  <system-err><![CDATA[]]></system-err>
</testsuite>
